2022/04/07 06:00:15 [notice] 1#1: using the "epoll" event method
2022/04/07 06:00:15 [notice] 1#1: nginx/1.21.6
2022/04/07 06:00:15 [notice] 1#1: built by gcc 10.3.1 20211027 (Alpine 10.3.1_git20211027) 
2022/04/07 06:00:15 [notice] 1#1: OS: Linux 5.10.104-linuxkit
2022/04/07 06:00:15 [notice] 1#1: getrlimit(RLIMIT_NOFILE): 1048576:1048576
2022/04/07 06:00:15 [notice] 1#1: start worker processes
2022/04/07 06:00:15 [notice] 1#1: start worker process 31
2022/04/07 06:00:15 [notice] 1#1: start worker process 32
2022/04/07 06:00:15 [notice] 1#1: start worker process 33
2022/04/07 06:00:15 [notice] 1#1: start worker process 34
2022/04/07 06:07:06 [notice] 1#1: signal 3 (SIGQUIT) received, shutting down
2022/04/07 06:07:06 [notice] 32#32: gracefully shutting down
2022/04/07 06:07:06 [notice] 31#31: gracefully shutting down
2022/04/07 06:07:06 [notice] 31#31: exiting
2022/04/07 06:07:06 [notice] 33#33: gracefully shutting down
2022/04/07 06:07:06 [notice] 34#34: gracefully shutting down
2022/04/07 06:07:06 [notice] 34#34: exiting
2022/04/07 06:07:06 [notice] 32#32: exiting
2022/04/07 06:07:06 [notice] 31#31: exit
2022/04/07 06:07:06 [notice] 33#33: exiting
2022/04/07 06:07:06 [notice] 33#33: exit
2022/04/07 06:07:06 [notice] 34#34: exit
2022/04/07 06:07:06 [notice] 32#32: exit
2022/04/07 06:07:06 [notice] 1#1: signal 17 (SIGCHLD) received from 31
2022/04/07 06:07:06 [notice] 1#1: worker process 31 exited with code 0
2022/04/07 06:07:06 [notice] 1#1: signal 29 (SIGIO) received
2022/04/07 06:07:06 [notice] 1#1: signal 17 (SIGCHLD) received from 33
2022/04/07 06:07:06 [notice] 1#1: worker process 33 exited with code 0
2022/04/07 06:07:06 [notice] 1#1: signal 29 (SIGIO) received
2022/04/07 06:07:06 [notice] 1#1: signal 17 (SIGCHLD) received from 32
2022/04/07 06:07:06 [notice] 1#1: worker process 32 exited with code 0
2022/04/07 06:07:06 [notice] 1#1: worker process 34 exited with code 0
2022/04/07 06:07:06 [notice] 1#1: exit
2022/04/07 06:07:11 [emerg] 1#1: open() "/var/log/nginx/access/api.log" failed (2: No such file or directory)
2022/04/07 06:09:06 [notice] 1#1: using the "epoll" event method
2022/04/07 06:09:06 [notice] 1#1: nginx/1.21.6
2022/04/07 06:09:06 [notice] 1#1: built by gcc 10.3.1 20211027 (Alpine 10.3.1_git20211027) 
2022/04/07 06:09:06 [notice] 1#1: OS: Linux 5.10.104-linuxkit
2022/04/07 06:09:06 [notice] 1#1: getrlimit(RLIMIT_NOFILE): 1048576:1048576
2022/04/07 06:09:06 [notice] 1#1: start worker processes
2022/04/07 06:09:06 [notice] 1#1: start worker process 32
2022/04/07 06:09:06 [notice] 1#1: start worker process 33
2022/04/07 06:09:06 [notice] 1#1: start worker process 34
2022/04/07 06:09:06 [notice] 1#1: start worker process 35
2022/04/07 06:17:13 [notice] 1#1: signal 3 (SIGQUIT) received, shutting down
2022/04/07 06:17:13 [notice] 34#34: gracefully shutting down
2022/04/07 06:17:13 [notice] 34#34: exiting
2022/04/07 06:17:13 [notice] 35#35: gracefully shutting down
2022/04/07 06:17:13 [notice] 33#33: gracefully shutting down
2022/04/07 06:17:13 [notice] 33#33: exiting
2022/04/07 06:17:13 [notice] 32#32: gracefully shutting down
2022/04/07 06:17:13 [notice] 34#34: exit
2022/04/07 06:17:13 [notice] 35#35: exiting
2022/04/07 06:17:13 [notice] 35#35: exit
2022/04/07 06:17:13 [notice] 33#33: exit
2022/04/07 06:17:13 [notice] 32#32: exiting
2022/04/07 06:17:13 [notice] 32#32: exit
2022/04/07 06:17:13 [notice] 1#1: signal 17 (SIGCHLD) received from 34
2022/04/07 06:17:13 [notice] 1#1: worker process 34 exited with code 0
2022/04/07 06:17:13 [notice] 1#1: worker process 35 exited with code 0
2022/04/07 06:17:13 [notice] 1#1: signal 29 (SIGIO) received
2022/04/07 06:17:13 [notice] 1#1: signal 17 (SIGCHLD) received from 32
2022/04/07 06:17:13 [notice] 1#1: worker process 32 exited with code 0
2022/04/07 06:17:13 [notice] 1#1: worker process 33 exited with code 0
2022/04/07 06:17:13 [notice] 1#1: exit
2022/04/07 06:17:18 [emerg] 1#1: "location" directive is not allowed here in /etc/nginx/conf.d/locations.conf:1
2022/04/07 06:20:07 [emerg] 1#1: "location" directive is not allowed here in /etc/nginx/conf.d/locations.conf:1
2022/04/07 06:26:33 [emerg] 1#1: "location" directive is not allowed here in /etc/nginx/conf.d/locations.conf:1
2022/04/07 06:27:31 [warn] 1#1: conflicting server name "localhost" on 0.0.0.0:80, ignored
2022/04/07 06:27:31 [notice] 1#1: using the "epoll" event method
2022/04/07 06:27:31 [notice] 1#1: nginx/1.21.6
2022/04/07 06:27:31 [notice] 1#1: built by gcc 10.3.1 20211027 (Alpine 10.3.1_git20211027) 
2022/04/07 06:27:31 [notice] 1#1: OS: Linux 5.10.104-linuxkit
2022/04/07 06:27:31 [notice] 1#1: getrlimit(RLIMIT_NOFILE): 1048576:1048576
2022/04/07 06:27:31 [notice] 1#1: start worker processes
2022/04/07 06:27:31 [notice] 1#1: start worker process 32
2022/04/07 06:27:31 [notice] 1#1: start worker process 33
2022/04/07 06:27:31 [notice] 1#1: start worker process 34
2022/04/07 06:27:31 [notice] 1#1: start worker process 35
2022/04/07 06:32:29 [notice] 1#1: signal 3 (SIGQUIT) received, shutting down
2022/04/07 06:32:29 [notice] 32#32: gracefully shutting down
2022/04/07 06:32:29 [notice] 32#32: exiting
2022/04/07 06:32:29 [notice] 34#34: gracefully shutting down
2022/04/07 06:32:29 [notice] 34#34: exiting
2022/04/07 06:32:29 [notice] 33#33: gracefully shutting down
2022/04/07 06:32:29 [notice] 35#35: gracefully shutting down
2022/04/07 06:32:29 [notice] 32#32: exit
2022/04/07 06:32:29 [notice] 34#34: exit
2022/04/07 06:32:29 [notice] 33#33: exiting
2022/04/07 06:32:29 [notice] 33#33: exit
2022/04/07 06:32:29 [notice] 35#35: exiting
2022/04/07 06:32:29 [notice] 1#1: signal 17 (SIGCHLD) received from 32
2022/04/07 06:32:29 [notice] 1#1: worker process 32 exited with code 0
2022/04/07 06:32:29 [notice] 35#35: exit
2022/04/07 06:32:29 [notice] 1#1: signal 29 (SIGIO) received
2022/04/07 06:32:29 [notice] 1#1: signal 17 (SIGCHLD) received from 33
2022/04/07 06:32:29 [notice] 1#1: worker process 33 exited with code 0
2022/04/07 06:32:29 [notice] 1#1: worker process 34 exited with code 0
2022/04/07 06:32:29 [notice] 1#1: signal 29 (SIGIO) received
2022/04/07 06:32:29 [notice] 1#1: signal 17 (SIGCHLD) received from 35
2022/04/07 06:32:29 [notice] 1#1: worker process 35 exited with code 0
2022/04/07 06:32:29 [notice] 1#1: exit
2022/04/07 08:24:18 [emerg] 1#1: host not found in upstream "php" in /etc/nginx/conf.d/vhosts/api.conf:12
