2022/04/29 14:03:41 [error] 27#27: *9 FastCGI sent in stderr: "PHP message: Xdebug: [Step Debug] Could not connect to debugging client. Tried: 172.30.0.1:9005 (from REMOTE_ADDR HTTP header), host.docker.internal:9005 (fallback through xdebug.client_host/xdebug.client_port) :-(PHP message: PHP Fatal error:  During inheritance of ArrayAccess: Uncaught ErrorException: Return type of Illuminate\Database\Eloquent\Model::offsetExists($offset) should either be compatible with ArrayAccess::offsetExists(mixed $offset): bool, or the #[\ReturnTypeWillChange] attribute should be used to temporarily suppress the notice in /var/www/html/msarticle/vendor/illuminate/database/Eloquent/Model.php:1300
Stack trace:
#0 /var/www/html/msarticle/vendor/illuminate/database/Eloquent/Model.php(22): Laravel\Lumen\Application->Laravel\Lumen\Concerns\{closure}(8192, 'Return type of ...', '/var/www/html/m...', 1300)
#1 /var/www/html/msarticle/vendor/composer/ClassLoader.php(480): include('/var/www/html/m...')
#2 /var/www/html/msarticle/vendor/composer/ClassLoader.php(346): Composer\Autoload\includeFile('/var/www/html/m...')
#3 /var/www/html/msarticle/vendor/jenssegers/mongodb/src/Jenssegers/Mongodb/Eloquent/Model.php(14): Composer\Autoload\ClassLoader->loadClass('Illuminate\\Data...')
#4 /var/www/html/msarticle/vendor/composer/ClassLoader.php(480): include('/var/www/html/m...')
#5 /var/www/html/msarticle/vendor/composer/ClassLoader.php(346): Composer\Autoload\includeFile('/var/www/html/m...')
#6 /var/www/html/msarticle/vendor/jenssegers/mongodb/src/Jenssegers/Mongodb/MongodbServiceProvider.php(16): Composer\Autoload\ClassLoader->loadClass('Jenssegers\\Mong...')
#7 [internal function]: Jenssegers\Mongodb\MongodbServiceProvider->boot()
#8 /var/www/html/msarticle/vendor/illuminate/container/BoundMethod.php(29): call_user_func_array(Array, Array)
#9 /var/www/html/msarticle/vendor/illuminate/container/BoundMethod.php(87): Illuminate\Container\BoundMethod::Illuminate\Container\{closure}()
#10 /var/www/html/msarticle/vendor/illuminate/container/Boun
2022/04/29 14:03:41 [error] 27#27: *9 FastCGI sent in stderr: "/RegistersExceptionHandlers.php(54): Laravel\Lumen\Application->handleShutdown()
#7 [internal function]: Laravel\Lumen\Application->Laravel\Lumen\Concerns\{closure}()
#8 {main}
  thrown in /var/www/html/msarticle/vendor/monolog/monolog/src/Monolog/Logger.php on line 324" while reading response header from upstream, client: 172.30.0.1, server: msarticle.dev.meipian.me, request: "POST /article/info HTTP/1.1", upstream: "fastcgi://172.30.0.3:9000", host: "msarticle.dev.meipian.me"
2022/04/29 14:03:52 [error] 27#27: *9 FastCGI sent in stderr: "PHP message: Xdebug: [Step Debug] Could not connect to debugging client. Tried: 172.30.0.1:9005 (from REMOTE_ADDR HTTP header), host.docker.internal:9005 (fallback through xdebug.client_host/xdebug.client_port) :-(PHP message: PHP Fatal error:  During inheritance of ArrayAccess: Uncaught ErrorException: Return type of Illuminate\Database\Eloquent\Model::offsetExists($offset) should either be compatible with ArrayAccess::offsetExists(mixed $offset): bool, or the #[\ReturnTypeWillChange] attribute should be used to temporarily suppress the notice in /var/www/html/msarticle/vendor/illuminate/database/Eloquent/Model.php:1300
Stack trace:
#0 /var/www/html/msarticle/vendor/illuminate/database/Eloquent/Model.php(22): Laravel\Lumen\Application->Laravel\Lumen\Concerns\{closure}(8192, 'Return type of ...', '/var/www/html/m...', 1300)
#1 /var/www/html/msarticle/vendor/composer/ClassLoader.php(480): include('/var/www/html/m...')
#2 /var/www/html/msarticle/vendor/composer/ClassLoader.php(346): Composer\Autoload\includeFile('/var/www/html/m...')
#3 /var/www/html/msarticle/vendor/jenssegers/mongodb/src/Jenssegers/Mongodb/Eloquent/Model.php(14): Composer\Autoload\ClassLoader->loadClass('Illuminate\\Data...')
#4 /var/www/html/msarticle/vendor/composer/ClassLoader.php(480): include('/var/www/html/m...')
#5 /var/www/html/msarticle/vendor/composer/ClassLoader.php(346): Composer\Autoload\includeFile('/var/www/html/m...')
#6 /var/www/html/msarticle/vendor/jenssegers/mongodb/src/Jenssegers/Mongodb/MongodbServiceProvider.php(16): Composer\Autoload\ClassLoader->loadClass('Jenssegers\\Mong...')
#7 [internal function]: Jenssegers\Mongodb\MongodbServiceProvider->boot()
#8 /var/www/html/msarticle/vendor/illuminate/container/BoundMethod.php(29): call_user_func_array(Array, Array)
#9 /var/www/html/msarticle/vendor/illuminate/container/BoundMethod.php(87): Illuminate\Container\BoundMethod::Illuminate\Container\{closure}()
#10 /var/www/html/msarticle/vendor/illuminate/container/Boun
2022/04/29 14:03:52 [error] 27#27: *9 FastCGI sent in stderr: "/RegistersExceptionHandlers.php(54): Laravel\Lumen\Application->handleShutdown()
#7 [internal function]: Laravel\Lumen\Application->Laravel\Lumen\Concerns\{closure}()
#8 {main}
  thrown in /var/www/html/msarticle/vendor/monolog/monolog/src/Monolog/Logger.php on line 324" while reading response header from upstream, client: 172.30.0.1, server: msarticle.dev.meipian.me, request: "POST /article/info HTTP/1.1", upstream: "fastcgi://172.30.0.3:9000", host: "msarticle.dev.meipian.me"
2022/04/29 14:04:08 [error] 27#27: *9 FastCGI sent in stderr: "PHP message: Xdebug: [Step Debug] Could not connect to debugging client. Tried: 172.30.0.1:9005 (from REMOTE_ADDR HTTP header), host.docker.internal:9005 (fallback through xdebug.client_host/xdebug.client_port) :-(PHP message: PHP Fatal error:  During inheritance of ArrayAccess: Uncaught ErrorException: Return type of Illuminate\Database\Eloquent\Model::offsetExists($offset) should either be compatible with ArrayAccess::offsetExists(mixed $offset): bool, or the #[\ReturnTypeWillChange] attribute should be used to temporarily suppress the notice in /var/www/html/msarticle/vendor/illuminate/database/Eloquent/Model.php:1300
Stack trace:
#0 /var/www/html/msarticle/vendor/illuminate/database/Eloquent/Model.php(22): Laravel\Lumen\Application->Laravel\Lumen\Concerns\{closure}(8192, 'Return type of ...', '/var/www/html/m...', 1300)
#1 /var/www/html/msarticle/vendor/composer/ClassLoader.php(480): include('/var/www/html/m...')
#2 /var/www/html/msarticle/vendor/composer/ClassLoader.php(346): Composer\Autoload\includeFile('/var/www/html/m...')
#3 /var/www/html/msarticle/vendor/jenssegers/mongodb/src/Jenssegers/Mongodb/Eloquent/Model.php(14): Composer\Autoload\ClassLoader->loadClass('Illuminate\\Data...')
#4 /var/www/html/msarticle/vendor/composer/ClassLoader.php(480): include('/var/www/html/m...')
#5 /var/www/html/msarticle/vendor/composer/ClassLoader.php(346): Composer\Autoload\includeFile('/var/www/html/m...')
#6 /var/www/html/msarticle/vendor/jenssegers/mongodb/src/Jenssegers/Mongodb/MongodbServiceProvider.php(16): Composer\Autoload\ClassLoader->loadClass('Jenssegers\\Mong...')
#7 [internal function]: Jenssegers\Mongodb\MongodbServiceProvider->boot()
#8 /var/www/html/msarticle/vendor/illuminate/container/BoundMethod.php(29): call_user_func_array(Array, Array)
#9 /var/www/html/msarticle/vendor/illuminate/container/BoundMethod.php(87): Illuminate\Container\BoundMethod::Illuminate\Container\{closure}()
#10 /var/www/html/msarticle/vendor/illuminate/container/Boun
2022/04/29 14:04:08 [error] 27#27: *9 FastCGI sent in stderr: "/RegistersExceptionHandlers.php(54): Laravel\Lumen\Application->handleShutdown()
#7 [internal function]: Laravel\Lumen\Application->Laravel\Lumen\Concerns\{closure}()
#8 {main}
  thrown in /var/www/html/msarticle/vendor/monolog/monolog/src/Monolog/Logger.php on line 324" while reading response header from upstream, client: 172.30.0.1, server: msarticle.dev.meipian.me, request: "POST /article/info HTTP/1.1", upstream: "fastcgi://172.30.0.3:9000", host: "msarticle.dev.meipian.me"
2022/04/29 14:04:18 [error] 27#27: *9 FastCGI sent in stderr: "PHP message: Xdebug: [Step Debug] Could not connect to debugging client. Tried: 172.30.0.1:9005 (from REMOTE_ADDR HTTP header), host.docker.internal:9005 (fallback through xdebug.client_host/xdebug.client_port) :-(PHP message: PHP Fatal error:  During inheritance of ArrayAccess: Uncaught ErrorException: Return type of Illuminate\Database\Eloquent\Model::offsetExists($offset) should either be compatible with ArrayAccess::offsetExists(mixed $offset): bool, or the #[\ReturnTypeWillChange] attribute should be used to temporarily suppress the notice in /var/www/html/msarticle/vendor/illuminate/database/Eloquent/Model.php:1300
Stack trace:
#0 /var/www/html/msarticle/vendor/illuminate/database/Eloquent/Model.php(22): Laravel\Lumen\Application->Laravel\Lumen\Concerns\{closure}(8192, 'Return type of ...', '/var/www/html/m...', 1300)
#1 /var/www/html/msarticle/vendor/composer/ClassLoader.php(480): include('/var/www/html/m...')
#2 /var/www/html/msarticle/vendor/composer/ClassLoader.php(346): Composer\Autoload\includeFile('/var/www/html/m...')
#3 /var/www/html/msarticle/vendor/jenssegers/mongodb/src/Jenssegers/Mongodb/Eloquent/Model.php(14): Composer\Autoload\ClassLoader->loadClass('Illuminate\\Data...')
#4 /var/www/html/msarticle/vendor/composer/ClassLoader.php(480): include('/var/www/html/m...')
#5 /var/www/html/msarticle/vendor/composer/ClassLoader.php(346): Composer\Autoload\includeFile('/var/www/html/m...')
#6 /var/www/html/msarticle/vendor/jenssegers/mongodb/src/Jenssegers/Mongodb/MongodbServiceProvider.php(16): Composer\Autoload\ClassLoader->loadClass('Jenssegers\\Mong...')
#7 [internal function]: Jenssegers\Mongodb\MongodbServiceProvider->boot()
#8 /var/www/html/msarticle/vendor/illuminate/container/BoundMethod.php(29): call_user_func_array(Array, Array)
#9 /var/www/html/msarticle/vendor/illuminate/container/BoundMethod.php(87): Illuminate\Container\BoundMethod::Illuminate\Container\{closure}()
#10 /var/www/html/msarticle/vendor/illuminate/container/Boun
2022/04/29 14:04:18 [error] 27#27: *9 FastCGI sent in stderr: "/RegistersExceptionHandlers.php(54): Laravel\Lumen\Application->handleShutdown()
#7 [internal function]: Laravel\Lumen\Application->Laravel\Lumen\Concerns\{closure}()
#8 {main}
  thrown in /var/www/html/msarticle/vendor/monolog/monolog/src/Monolog/Logger.php on line 324" while reading response header from upstream, client: 172.30.0.1, server: msarticle.dev.meipian.me, request: "POST /article/info HTTP/1.1", upstream: "fastcgi://172.30.0.3:9000", host: "msarticle.dev.meipian.me"
2022/05/17 06:14:22 [error] 24#24: *1 FastCGI sent in stderr: "PHP message: Xdebug: [Step Debug] Could not connect to debugging client. Tried: 172.30.0.1:9005 (from REMOTE_ADDR HTTP header), host.docker.internal:9005 (fallback through xdebug.client_host/xdebug.client_port) :-(PHP message: PHP Fatal error:  During inheritance of ArrayAccess: Uncaught ErrorException: Return type of Illuminate\Database\Eloquent\Model::offsetExists($offset) should either be compatible with ArrayAccess::offsetExists(mixed $offset): bool, or the #[\ReturnTypeWillChange] attribute should be used to temporarily suppress the notice in /var/www/html/msarticle/vendor/illuminate/database/Eloquent/Model.php:1300
Stack trace:
#0 /var/www/html/msarticle/vendor/illuminate/database/Eloquent/Model.php(22): Laravel\Lumen\Application->Laravel\Lumen\Concerns\{closure}(8192, 'Return type of ...', '/var/www/html/m...', 1300)
#1 /var/www/html/msarticle/vendor/composer/ClassLoader.php(480): include('/var/www/html/m...')
#2 /var/www/html/msarticle/vendor/composer/ClassLoader.php(346): Composer\Autoload\includeFile('/var/www/html/m...')
#3 /var/www/html/msarticle/vendor/jenssegers/mongodb/src/Jenssegers/Mongodb/Eloquent/Model.php(14): Composer\Autoload\ClassLoader->loadClass('Illuminate\\Data...')
#4 /var/www/html/msarticle/vendor/composer/ClassLoader.php(480): include('/var/www/html/m...')
#5 /var/www/html/msarticle/vendor/composer/ClassLoader.php(346): Composer\Autoload\includeFile('/var/www/html/m...')
#6 /var/www/html/msarticle/vendor/jenssegers/mongodb/src/Jenssegers/Mongodb/MongodbServiceProvider.php(16): Composer\Autoload\ClassLoader->loadClass('Jenssegers\\Mong...')
#7 [internal function]: Jenssegers\Mongodb\MongodbServiceProvider->boot()
#8 /var/www/html/msarticle/vendor/illuminate/container/BoundMethod.php(29): call_user_func_array(Array, Array)
#9 /var/www/html/msarticle/vendor/illuminate/container/BoundMethod.php(87): Illuminate\Container\BoundMethod::Illuminate\Container\{closure}()
#10 /var/www/html/msarticle/vendor/illuminate/container/Boun
2022/05/17 06:14:22 [error] 24#24: *1 FastCGI sent in stderr: "/RegistersExceptionHandlers.php(54): Laravel\Lumen\Application->handleShutdown()
#7 [internal function]: Laravel\Lumen\Application->Laravel\Lumen\Concerns\{closure}()
#8 {main}
  thrown in /var/www/html/msarticle/vendor/monolog/monolog/src/Monolog/Logger.php on line 324" while reading response header from upstream, client: 172.30.0.1, server: msarticle.dev.meipian.me, request: "POST /collection/collectionDetail HTTP/1.1", upstream: "fastcgi://172.30.0.3:9000", host: "msarticle.dev.meipian.me"
